<?xml version="1.0" encoding="UTF-8"?>
<!-- Generated by org.testng.reporters.JUnitXMLReporter -->
<testsuite ignored="0" hostname="DESKTOP-C56VD1H" failures="0" tests="3" name="Default test" time="30.177" errors="0" timestamp="2022-09-24T23:48:56 ICT">
  <testcase classname="ujian.ujiankelima.appium.runner.TestCreateTask" name="testCreate" time="9.006"/>
  <testcase classname="ujian.ujiankelima.appium.runner.TestCreateTask" name="testEdit" time="8.967"/>
  <testcase classname="ujian.ujiankelima.appium.runner.TestCreateTask" name="testCompleted" time="2.349"/>
</testsuite> <!-- Default test -->
